<?xml version="1.0" encoding="UTF-8"?>
<!-- Generated by org.testng.reporters.JUnitXMLReporter -->
<testsuite hostname="an-test" name="GET-Eureka2-health" tests="1" failures="1" timestamp="26 Oct 2016 09:27:38 GMT" time="0.386" errors="0">
  <testcase name="getTest" time="0.385" classname="com.bluemeric.test.GenerateTest">
    <failure type="java.lang.AssertionError" message="Expected response is localApplication. But received reponse = {&amp;quot;description&amp;quot;:&amp;quot;Spring Cloud Eureka Discovery Client&amp;quot;,&amp;quot;status&amp;quot;:&amp;quot;UP&amp;quot;,&amp;quot;discoveryComposite&amp;quot;:{&amp;quot;description&amp;quot;:&amp;quot;Spring Cloud Eureka Discovery Client&amp;quot;,&amp;quot;status&amp;quot;:&amp;quot;UP&amp;quot;,&amp;quot;discoveryClient&amp;quot;:{&amp;quot;description&amp;quot;:&amp;quot;Spring Cloud Eureka Discovery Client&amp;quot;,&amp;quot;status&amp;quot;:&amp;quot;UP&amp;quot;,&amp;quot;services&amp;quot;:[]},&amp;quot;eureka&amp;quot;:{&amp;quot;description&amp;quot;:&amp;quot;Remote status from Eureka server&amp;quot;,&amp;quot;status&amp;quot;:&amp;quot;UNKNOWN&amp;quot;,&amp;quot;applications&amp;quot;:{}}},&amp;quot;diskSpace&amp;quot;:{&amp;quot;status&amp;quot;:&amp;quot;UP&amp;quot;,&amp;quot;total&amp;quot;:105654812672,&amp;quot;free&amp;quot;:98012581888,&amp;quot;threshold&amp;quot;:10485760},&amp;quot;refreshScope&amp;quot;:{&amp;quot;status&amp;quot;:&amp;quot;UP&amp;quot;},&amp;quot;hystrix&amp;quot;:{&amp;quot;status&amp;quot;:&amp;quot;UP&amp;quot;}}. Output mismatching. Hence failing the test.">
      <![CDATA[java.lang.AssertionError: Expected response is localApplication. But received reponse = {"description":"Spring Cloud Eureka Discovery Client","status":"UP","discoveryComposite":{"description":"Spring Cloud Eureka Discovery Client","status":"UP","discoveryClient":{"description":"Spring Cloud Eureka Discovery Client","status":"UP","services":[]},"eureka":{"description":"Remote status from Eureka server","status":"UNKNOWN","applications":{}}},"diskSpace":{"status":"UP","total":105654812672,"free":98012581888,"threshold":10485760},"refreshScope":{"status":"UP"},"hystrix":{"status":"UP"}}. Output mismatching. Hence failing the test.
	at com.bluemeric.test.GenerateTest.getTest(Unknown Source)
	at com.bluemeric.test.RunTest.runTests(Unknown Source)
	at com.bluemeric.test.RunTest.main(Unknown Source)
... Removed 22 stack frames]]>
    </failure>
  </testcase> <!-- getTest -->
</testsuite> <!-- GET-Eureka2-health -->
