<?xml version="1.0" encoding="UTF-8"?>
<!-- Generated by org.testng.reporters.JUnitXMLReporter -->
<testsuite hostname="an-test" name="GET-Eureka1" tests="1" failures="1" timestamp="26 Oct 2016 09:27:39 GMT" time="0.333" errors="0">
  <testcase name="getTest" time="0.332" classname="com.bluemeric.test.GenerateTest">
    <failure type="java.lang.AssertionError" message="Expected response is Hystrix Dashboard. But received reponse = &amp;lt;!doctype html&amp;gt;
&amp;lt;!--[if lt IE 7]&amp;gt;      &amp;lt;html class=&amp;quot;no-js lt-ie9 lt-ie8 lt-ie7&amp;quot;&amp;gt; &amp;lt;![endif]--&amp;gt;
&amp;lt;!--[if IE 7]&amp;gt;         &amp;lt;html class=&amp;quot;no-js lt-ie9 lt-ie8&amp;quot;&amp;gt; &amp;lt;![endif]--&amp;gt;
&amp;lt;!--[if IE 8]&amp;gt;         &amp;lt;html class=&amp;quot;no-js lt-ie9&amp;quot;&amp;gt; &amp;lt;![endif]--&amp;gt;
&amp;lt;!--[if gt IE 8]&amp;gt;&amp;lt;!--&amp;gt; &amp;lt;html class=&amp;quot;no-js&amp;quot;&amp;gt; &amp;lt;!--&amp;lt;![endif]--&amp;gt;
  &amp;lt;head&amp;gt;
    &amp;lt;base href=&amp;quot;/&amp;quot;&amp;gt;
    &amp;lt;meta charset=&amp;quot;utf-8&amp;quot;&amp;gt;
    &amp;lt;meta http-equiv=&amp;quot;X-UA-Compatible&amp;quot; content=&amp;quot;IE=edge&amp;quot;&amp;gt;
    &amp;lt;title&amp;gt;Eureka&amp;lt;/title&amp;gt;
    &amp;lt;meta name=&amp;quot;description&amp;quot; content=&amp;quot;&amp;quot;&amp;gt;
    &amp;lt;meta name=&amp;quot;viewport&amp;quot; content=&amp;quot;width=device-width&amp;quot;&amp;gt;

    &amp;lt;link rel=&amp;quot;stylesheet&amp;quot; href=&amp;quot;eureka/css/wro.css&amp;quot;&amp;gt;

  &amp;lt;/head&amp;gt;

  &amp;lt;body id=&amp;quot;one&amp;quot;&amp;gt;
&amp;lt;nav class=&amp;quot;navbar navbar-default&amp;quot; role=&amp;quot;navigation&amp;quot;&amp;gt;
  &amp;lt;div class=&amp;quot;container&amp;quot;&amp;gt;
    &amp;lt;div class=&amp;quot;navbar-header&amp;quot;&amp;gt;
      &amp;lt;a class=&amp;quot;navbar-brand&amp;quot; href=&amp;quot;&amp;quot;&amp;gt;&amp;lt;span&amp;gt;&amp;lt;/span&amp;gt;&amp;lt;/a&amp;gt;
      &amp;lt;button type=&amp;quot;button&amp;quot; class=&amp;quot;navbar-toggle&amp;quot; data-toggle=&amp;quot;collapse&amp;quot; data-target=&amp;quot;#bs-example-navbar-collapse-1&amp;quot;&amp;gt;
        &amp;lt;span class=&amp;quot;sr-only&amp;quot;&amp;gt;Toggle navigation&amp;lt;/span&amp;gt;
        &amp;lt;span class=&amp;quot;icon-bar&amp;quot;&amp;gt;&amp;lt;/span&amp;gt;
        &amp;lt;span class=&amp;quot;icon-bar&amp;quot;&amp;gt;&amp;lt;/span&amp;gt;
        &amp;lt;span class=&amp;quot;icon-bar&amp;quot;&amp;gt;&amp;lt;/span&amp;gt;
      &amp;lt;/button&amp;gt;
    &amp;lt;/div&amp;gt;
    &amp;lt;div class=&amp;quot;collapse navbar-collapse&amp;quot; id=&amp;quot;bs-example-navbar-collapse-1&amp;quot;&amp;gt;
      &amp;lt;ul class=&amp;quot;nav navbar-nav navbar-right&amp;quot;&amp;gt;
        &amp;lt;li&amp;gt;
          &amp;lt;a href=&amp;quot;&amp;quot;&amp;gt;Home&amp;lt;/a&amp;gt;
        &amp;lt;/li&amp;gt;
        &amp;lt;li&amp;gt;
          &amp;lt;a href=&amp;quot;/lastn&amp;quot;&amp;gt;Last 1000 since startup&amp;lt;/a&amp;gt;
        &amp;lt;/li&amp;gt;
      &amp;lt;/ul&amp;gt;
    &amp;lt;/div&amp;gt;
  &amp;lt;/div&amp;gt;
&amp;lt;/nav&amp;gt;


    &amp;lt;div class=&amp;quot;container-fluid xd-container&amp;quot;&amp;gt;
&amp;lt;h1&amp;gt;System Status&amp;lt;/h1&amp;gt;
&amp;lt;div class=&amp;quot;row&amp;quot;&amp;gt;
  &amp;lt;div class=&amp;quot;col-md-6&amp;quot;&amp;gt;
    &amp;lt;table id=&amp;apos;instances&amp;apos; class=&amp;quot;table table-condensed table-striped table-hover&amp;quot;&amp;gt;
            &amp;lt;tr&amp;gt;
        &amp;lt;td&amp;gt;Environment&amp;lt;/td&amp;gt;
        &amp;lt;td&amp;gt;test&amp;lt;/td&amp;gt;
      &amp;lt;/tr&amp;gt;
      &amp;lt;tr&amp;gt;
        &amp;lt;td&amp;gt;Data center&amp;lt;/td&amp;gt;
        &amp;lt;td&amp;gt;default&amp;lt;/td&amp;gt;
      &amp;lt;/tr&amp;gt;
    &amp;lt;/table&amp;gt;
  &amp;lt;/div&amp;gt;
  &amp;lt;div class=&amp;quot;col-md-6&amp;quot;&amp;gt;
    &amp;lt;table id=&amp;apos;instances&amp;apos; class=&amp;quot;table table-condensed table-striped table-hover&amp;quot;&amp;gt;
      &amp;lt;tr&amp;gt;
        &amp;lt;td&amp;gt;Current time&amp;lt;/td&amp;gt;
        &amp;lt;td&amp;gt;2016-10-26T09:27:39 +0000&amp;lt;/td&amp;gt;
      &amp;lt;/tr&amp;gt;
      &amp;lt;tr&amp;gt;
        &amp;lt;td&amp;gt;Uptime&amp;lt;/td&amp;gt;
        &amp;lt;td&amp;gt;00:49&amp;lt;/td&amp;gt;
      &amp;lt;/tr&amp;gt;
      &amp;lt;tr&amp;gt;
        &amp;lt;td&amp;gt;Lease expiration enabled&amp;lt;/td&amp;gt;
        &amp;lt;td&amp;gt;true&amp;lt;/td&amp;gt;
      &amp;lt;/tr&amp;gt;
      &amp;lt;tr&amp;gt;
        &amp;lt;td&amp;gt;Renews threshold&amp;lt;/td&amp;gt;
        &amp;lt;td&amp;gt;11&amp;lt;/td&amp;gt;
      &amp;lt;/tr&amp;gt;
      &amp;lt;tr&amp;gt;
        &amp;lt;td&amp;gt;Renews (last min)&amp;lt;/td&amp;gt;
        &amp;lt;td&amp;gt;12&amp;lt;/td&amp;gt;
      &amp;lt;/tr&amp;gt;
    &amp;lt;/table&amp;gt;
  &amp;lt;/div&amp;gt;
&amp;lt;/div&amp;gt;


&amp;lt;h1&amp;gt;DS Replicas&amp;lt;/h1&amp;gt;
&amp;lt;ul class=&amp;quot;list-group&amp;quot;&amp;gt;
&amp;lt;/ul&amp;gt;

      &amp;lt;h1&amp;gt;Instances currently registered with Eureka&amp;lt;/h1&amp;gt;
      &amp;lt;table id=&amp;apos;instances&amp;apos; class=&amp;quot;table table-striped table-hover&amp;quot;&amp;gt;
        &amp;lt;thead&amp;gt;
          &amp;lt;tr&amp;gt;&amp;lt;th&amp;gt;Application&amp;lt;/th&amp;gt;&amp;lt;th&amp;gt;AMIs&amp;lt;/th&amp;gt;&amp;lt;th&amp;gt;Availability Zones&amp;lt;/th&amp;gt;&amp;lt;th&amp;gt;Status&amp;lt;/th&amp;gt;&amp;lt;/tr&amp;gt;
        &amp;lt;/thead&amp;gt;
        &amp;lt;tbody&amp;gt;
              &amp;lt;tr&amp;gt;
                &amp;lt;td&amp;gt;&amp;lt;b&amp;gt;CONFIGSERVER&amp;lt;/b&amp;gt;&amp;lt;/td&amp;gt;
                &amp;lt;td&amp;gt;
                    &amp;lt;b&amp;gt;n/a&amp;lt;/b&amp;gt; (1)
                &amp;lt;/td&amp;gt;
                &amp;lt;td&amp;gt;
                    &amp;lt;b&amp;gt;&amp;lt;/b&amp;gt; (1)
                &amp;lt;/td&amp;gt;
                &amp;lt;td&amp;gt;
                    &amp;lt;b&amp;gt;UP&amp;lt;/b&amp;gt; (1) -
                        &amp;lt;a href=&amp;quot;http://configserver:8888/info&amp;quot; target=&amp;quot;_blank&amp;quot;&amp;gt;6afaf359b986:configserver:8888&amp;lt;/a&amp;gt;

                &amp;lt;/td&amp;gt;
              &amp;lt;/tr&amp;gt;
              &amp;lt;tr&amp;gt;
                &amp;lt;td&amp;gt;&amp;lt;b&amp;gt;GATEWAY&amp;lt;/b&amp;gt;&amp;lt;/td&amp;gt;
                &amp;lt;td&amp;gt;
                    &amp;lt;b&amp;gt;n/a&amp;lt;/b&amp;gt; (1)
                &amp;lt;/td&amp;gt;
                &amp;lt;td&amp;gt;
                    &amp;lt;b&amp;gt;&amp;lt;/b&amp;gt; (1)
                &amp;lt;/td&amp;gt;
                &amp;lt;td&amp;gt;
                    &amp;lt;b&amp;gt;UP&amp;lt;/b&amp;gt; (1) -
                        &amp;lt;a href=&amp;quot;http://gateway:10000/info&amp;quot; target=&amp;quot;_blank&amp;quot;&amp;gt;c2a182684d5d:gateway:10000&amp;lt;/a&amp;gt;

                &amp;lt;/td&amp;gt;
              &amp;lt;/tr&amp;gt;
              &amp;lt;tr&amp;gt;
                &amp;lt;td&amp;gt;&amp;lt;b&amp;gt;MOVIE&amp;lt;/b&amp;gt;&amp;lt;/td&amp;gt;
                &amp;lt;td&amp;gt;
                    &amp;lt;b&amp;gt;n/a&amp;lt;/b&amp;gt; (1)
                &amp;lt;/td&amp;gt;
                &amp;lt;td&amp;gt;
                    &amp;lt;b&amp;gt;&amp;lt;/b&amp;gt; (1)
                &amp;lt;/td&amp;gt;
                &amp;lt;td&amp;gt;
                    &amp;lt;b&amp;gt;UP&amp;lt;/b&amp;gt; (1) -
                        &amp;lt;a href=&amp;quot;http://172.17.0.30:9005/info&amp;quot; target=&amp;quot;_blank&amp;quot;&amp;gt;cee6446d92a7:movie:9005&amp;lt;/a&amp;gt;

                &amp;lt;/td&amp;gt;
              &amp;lt;/tr&amp;gt;
              &amp;lt;tr&amp;gt;
                &amp;lt;td&amp;gt;&amp;lt;b&amp;gt;MOVIESUI&amp;lt;/b&amp;gt;&amp;lt;/td&amp;gt;
                &amp;lt;td&amp;gt;
                    &amp;lt;b&amp;gt;n/a&amp;lt;/b&amp;gt; (1)
                &amp;lt;/td&amp;gt;
                &amp;lt;td&amp;gt;
                    &amp;lt;b&amp;gt;&amp;lt;/b&amp;gt; (1)
                &amp;lt;/td&amp;gt;
                &amp;lt;td&amp;gt;
                    &amp;lt;b&amp;gt;UP&amp;lt;/b&amp;gt; (1) -
                        &amp;lt;a href=&amp;quot;http://172.17.0.32:9006/info&amp;quot; target=&amp;quot;_blank&amp;quot;&amp;gt;ba351638749f:moviesui:9006&amp;lt;/a&amp;gt;

                &amp;lt;/td&amp;gt;
              &amp;lt;/tr&amp;gt;
              &amp;lt;tr&amp;gt;
                &amp;lt;td&amp;gt;&amp;lt;b&amp;gt;RECOMMENDATION&amp;lt;/b&amp;gt;&amp;lt;/td&amp;gt;
                &amp;lt;td&amp;gt;
                    &amp;lt;b&amp;gt;n/a&amp;lt;/b&amp;gt; (1)
                &amp;lt;/td&amp;gt;
                &amp;lt;td&amp;gt;
                    &amp;lt;b&amp;gt;&amp;lt;/b&amp;gt; (1)
                &amp;lt;/td&amp;gt;
                &amp;lt;td&amp;gt;
                    &amp;lt;b&amp;gt;UP&amp;lt;/b&amp;gt; (1) -
                        &amp;lt;a href=&amp;quot;http://172.17.0.29:9003/info&amp;quot; target=&amp;quot;_blank&amp;quot;&amp;gt;7f7844e58079:recommendation:9003&amp;lt;/a&amp;gt;

                &amp;lt;/td&amp;gt;
              &amp;lt;/tr&amp;gt;
              &amp;lt;tr&amp;gt;
                &amp;lt;td&amp;gt;&amp;lt;b&amp;gt;USER&amp;lt;/b&amp;gt;&amp;lt;/td&amp;gt;
                &amp;lt;td&amp;gt;
                    &amp;lt;b&amp;gt;n/a&amp;lt;/b&amp;gt; (1)
                &amp;lt;/td&amp;gt;
                &amp;lt;td&amp;gt;
                    &amp;lt;b&amp;gt;&amp;lt;/b&amp;gt; (1)
                &amp;lt;/td&amp;gt;
                &amp;lt;td&amp;gt;
                    &amp;lt;b&amp;gt;UP&amp;lt;/b&amp;gt; (1) -
                        &amp;lt;a href=&amp;quot;http://172.17.0.31:9000/info&amp;quot; target=&amp;quot;_blank&amp;quot;&amp;gt;3601203cc6e3:user:9000&amp;lt;/a&amp;gt;

                &amp;lt;/td&amp;gt;
              &amp;lt;/tr&amp;gt;

        &amp;lt;/tbody&amp;gt;
      &amp;lt;/table&amp;gt;

      &amp;lt;h1&amp;gt;General Info&amp;lt;/h1&amp;gt;

      &amp;lt;table id=&amp;apos;generalInfo&amp;apos; class=&amp;quot;table table-striped table-hover&amp;quot;&amp;gt;
        &amp;lt;thead&amp;gt;
          &amp;lt;tr&amp;gt;&amp;lt;th&amp;gt;Name&amp;lt;/th&amp;gt;&amp;lt;th&amp;gt;Value&amp;lt;/th&amp;gt;&amp;lt;/tr&amp;gt;
        &amp;lt;/thead&amp;gt;
        &amp;lt;tbody&amp;gt;
            &amp;lt;tr&amp;gt;
              &amp;lt;td&amp;gt;total-avail-memory&amp;lt;/td&amp;gt;&amp;lt;td&amp;gt;72mb&amp;lt;/td&amp;gt;
            &amp;lt;/tr&amp;gt;
            &amp;lt;tr&amp;gt;
              &amp;lt;td&amp;gt;environment&amp;lt;/td&amp;gt;&amp;lt;td&amp;gt;test&amp;lt;/td&amp;gt;
            &amp;lt;/tr&amp;gt;
            &amp;lt;tr&amp;gt;
              &amp;lt;td&amp;gt;num-of-cpus&amp;lt;/td&amp;gt;&amp;lt;td&amp;gt;1&amp;lt;/td&amp;gt;
            &amp;lt;/tr&amp;gt;
            &amp;lt;tr&amp;gt;
              &amp;lt;td&amp;gt;current-memory-usage&amp;lt;/td&amp;gt;&amp;lt;td&amp;gt;53mb (73%)&amp;lt;/td&amp;gt;
            &amp;lt;/tr&amp;gt;
            &amp;lt;tr&amp;gt;
              &amp;lt;td&amp;gt;server-uptime&amp;lt;/td&amp;gt;&amp;lt;td&amp;gt;00:49&amp;lt;/td&amp;gt;
            &amp;lt;/tr&amp;gt;
            &amp;lt;tr&amp;gt;
              &amp;lt;td&amp;gt;registered-replicas&amp;lt;/td&amp;gt;&amp;lt;td&amp;gt;&amp;lt;/td&amp;gt;
            &amp;lt;/tr&amp;gt;
            &amp;lt;tr&amp;gt;
              &amp;lt;td&amp;gt;unavailable-replicas&amp;lt;/td&amp;gt;&amp;lt;td&amp;gt;&amp;lt;/td&amp;gt;
            &amp;lt;/tr&amp;gt;
            &amp;lt;tr&amp;gt;
              &amp;lt;td&amp;gt;available-replicas&amp;lt;/td&amp;gt;&amp;lt;td&amp;gt;&amp;lt;/td&amp;gt;
            &amp;lt;/tr&amp;gt;
        &amp;lt;/tbody&amp;gt;
      &amp;lt;/table&amp;gt;

      &amp;lt;h1&amp;gt;Instance Info&amp;lt;/h1&amp;gt;

      &amp;lt;table id=&amp;apos;instanceInfo&amp;apos; class=&amp;quot;table table-striped table-hover&amp;quot;&amp;gt;
        &amp;lt;thead&amp;gt;
          &amp;lt;tr&amp;gt;&amp;lt;th&amp;gt;Name&amp;lt;/th&amp;gt;&amp;lt;th&amp;gt;Value&amp;lt;/th&amp;gt;&amp;lt;/tr&amp;gt;
        &amp;lt;thead&amp;gt;
        &amp;lt;tbody&amp;gt;
            &amp;lt;tr&amp;gt;
              &amp;lt;td&amp;gt;ipAddr&amp;lt;/td&amp;gt;&amp;lt;td&amp;gt;172.17.0.27&amp;lt;/td&amp;gt;
            &amp;lt;/tr&amp;gt;
            &amp;lt;tr&amp;gt;
              &amp;lt;td&amp;gt;status&amp;lt;/td&amp;gt;&amp;lt;td&amp;gt;UP&amp;lt;/td&amp;gt;
            &amp;lt;/tr&amp;gt;
        &amp;lt;/tbody&amp;gt;
      &amp;lt;/table&amp;gt;
    &amp;lt;/div&amp;gt;
    &amp;lt;script type=&amp;quot;text/javascript&amp;quot; src=&amp;quot;eureka/js/wro.js&amp;quot; &amp;gt;&amp;lt;/script&amp;gt;
    &amp;lt;script type=&amp;quot;text/javascript&amp;quot;&amp;gt;
       $(document).ready(function() {
         $(&amp;apos;table.stripeable tr:odd&amp;apos;).addClass(&amp;apos;odd&amp;apos;);
         $(&amp;apos;table.stripeable tr:even&amp;apos;).addClass(&amp;apos;even&amp;apos;);
       });
    &amp;lt;/script&amp;gt;
  &amp;lt;/body&amp;gt;
&amp;lt;/html&amp;gt;
. Output mismatching. Hence failing the test.">
      <![CDATA[java.lang.AssertionError: Expected response is Hystrix Dashboard. But received reponse = <!doctype html>
<!--[if lt IE 7]>      <html class="no-js lt-ie9 lt-ie8 lt-ie7"> <![endif]-->
<!--[if IE 7]>         <html class="no-js lt-ie9 lt-ie8"> <![endif]-->
<!--[if IE 8]>         <html class="no-js lt-ie9"> <![endif]-->
<!--[if gt IE 8]><!--> <html class="no-js"> <!--<![endif]-->
  <head>
    <base href="/">
    <meta charset="utf-8">
    <meta http-equiv="X-UA-Compatible" content="IE=edge">
    <title>Eureka</title>
    <meta name="description" content="">
    <meta name="viewport" content="width=device-width">

    <link rel="stylesheet" href="eureka/css/wro.css">

  </head>

  <body id="one">
<nav class="navbar navbar-default" role="navigation">
  <div class="container">
    <div class="navbar-header">
      <a class="navbar-brand" href=""><span></span></a>
      <button type="button" class="navbar-toggle" data-toggle="collapse" data-target="#bs-example-navbar-collapse-1">
        <span class="sr-only">Toggle navigation</span>
        <span class="icon-bar"></span>
        <span class="icon-bar"></span>
        <span class="icon-bar"></span>
      </button>
    </div>
    <div class="collapse navbar-collapse" id="bs-example-navbar-collapse-1">
      <ul class="nav navbar-nav navbar-right">
        <li>
          <a href="">Home</a>
        </li>
        <li>
          <a href="/lastn">Last 1000 since startup</a>
        </li>
      </ul>
    </div>
  </div>
</nav>


    <div class="container-fluid xd-container">
<h1>System Status</h1>
<div class="row">
  <div class="col-md-6">
    <table id='instances' class="table table-condensed table-striped table-hover">
            <tr>
        <td>Environment</td>
        <td>test</td>
      </tr>
      <tr>
        <td>Data center</td>
        <td>default</td>
      </tr>
    </table>
  </div>
  <div class="col-md-6">
    <table id='instances' class="table table-condensed table-striped table-hover">
      <tr>
        <td>Current time</td>
        <td>2016-10-26T09:27:39 +0000</td>
      </tr>
      <tr>
        <td>Uptime</td>
        <td>00:49</td>
      </tr>
      <tr>
        <td>Lease expiration enabled</td>
        <td>true</td>
      </tr>
      <tr>
        <td>Renews threshold</td>
        <td>11</td>
      </tr>
      <tr>
        <td>Renews (last min)</td>
        <td>12</td>
      </tr>
    </table>
  </div>
</div>


<h1>DS Replicas</h1>
<ul class="list-group">
</ul>

      <h1>Instances currently registered with Eureka</h1>
      <table id='instances' class="table table-striped table-hover">
        <thead>
          <tr><th>Application</th><th>AMIs</th><th>Availability Zones</th><th>Status</th></tr>
        </thead>
        <tbody>
              <tr>
                <td><b>CONFIGSERVER</b></td>
                <td>
                    <b>n/a</b> (1)
                </td>
                <td>
                    <b></b> (1)
                </td>
                <td>
                    <b>UP</b> (1) -
                        <a href="http://configserver:8888/info" target="_blank">6afaf359b986:configserver:8888</a>

                </td>
              </tr>
              <tr>
                <td><b>GATEWAY</b></td>
                <td>
                    <b>n/a</b> (1)
                </td>
                <td>
                    <b></b> (1)
                </td>
                <td>
                    <b>UP</b> (1) -
                        <a href="http://gateway:10000/info" target="_blank">c2a182684d5d:gateway:10000</a>

                </td>
              </tr>
              <tr>
                <td><b>MOVIE</b></td>
                <td>
                    <b>n/a</b> (1)
                </td>
                <td>
                    <b></b> (1)
                </td>
                <td>
                    <b>UP</b> (1) -
                        <a href="http://172.17.0.30:9005/info" target="_blank">cee6446d92a7:movie:9005</a>

                </td>
              </tr>
              <tr>
                <td><b>MOVIESUI</b></td>
                <td>
                    <b>n/a</b> (1)
                </td>
                <td>
                    <b></b> (1)
                </td>
                <td>
                    <b>UP</b> (1) -
                        <a href="http://172.17.0.32:9006/info" target="_blank">ba351638749f:moviesui:9006</a>

                </td>
              </tr>
              <tr>
                <td><b>RECOMMENDATION</b></td>
                <td>
                    <b>n/a</b> (1)
                </td>
                <td>
                    <b></b> (1)
                </td>
                <td>
                    <b>UP</b> (1) -
                        <a href="http://172.17.0.29:9003/info" target="_blank">7f7844e58079:recommendation:9003</a>

                </td>
              </tr>
              <tr>
                <td><b>USER</b></td>
                <td>
                    <b>n/a</b> (1)
                </td>
                <td>
                    <b></b> (1)
                </td>
                <td>
                    <b>UP</b> (1) -
                        <a href="http://172.17.0.31:9000/info" target="_blank">3601203cc6e3:user:9000</a>

                </td>
              </tr>

        </tbody>
      </table>

      <h1>General Info</h1>

      <table id='generalInfo' class="table table-striped table-hover">
        <thead>
          <tr><th>Name</th><th>Value</th></tr>
        </thead>
        <tbody>
            <tr>
              <td>total-avail-memory</td><td>72mb</td>
            </tr>
            <tr>
              <td>environment</td><td>test</td>
            </tr>
            <tr>
              <td>num-of-cpus</td><td>1</td>
            </tr>
            <tr>
              <td>current-memory-usage</td><td>53mb (73%)</td>
            </tr>
            <tr>
              <td>server-uptime</td><td>00:49</td>
            </tr>
            <tr>
              <td>registered-replicas</td><td></td>
            </tr>
            <tr>
              <td>unavailable-replicas</td><td></td>
            </tr>
            <tr>
              <td>available-replicas</td><td></td>
            </tr>
        </tbody>
      </table>

      <h1>Instance Info</h1>

      <table id='instanceInfo' class="table table-striped table-hover">
        <thead>
          <tr><th>Name</th><th>Value</th></tr>
        <thead>
        <tbody>
            <tr>
              <td>ipAddr</td><td>172.17.0.27</td>
            </tr>
            <tr>
              <td>status</td><td>UP</td>
            </tr>
        </tbody>
      </table>
    </div>
    <script type="text/javascript" src="eureka/js/wro.js" ></script>
    <script type="text/javascript">
       $(document).ready(function() {
         $('table.stripeable tr:odd').addClass('odd');
         $('table.stripeable tr:even').addClass('even');
       });
    </script>
  </body>
</html>
. Output mismatching. Hence failing the test.
	at com.bluemeric.test.GenerateTest.getTest(Unknown Source)
	at com.bluemeric.test.RunTest.runTests(Unknown Source)
	at com.bluemeric.test.RunTest.main(Unknown Source)
... Removed 22 stack frames]]>
    </failure>
  </testcase> <!-- getTest -->
</testsuite> <!-- GET-Eureka1 -->
